2025-07-14T06:32:31.688Z | POST /shorturls
2025-07-14T06:32:35.366Z | GET /shorturls/r/myCode1
2025-07-14T06:49:14.554Z | POST /shorturls/
2025-07-14T06:49:17.043Z | GET /shorturls/r/3d3014
2025-07-14T06:49:22.543Z | GET /shorturls/3d3014
2025-07-14T06:49:22.552Z | GET /shorturls/3d3014
2025-07-14T06:49:51.397Z | GET /shorturls/3d3014
2025-07-14T06:49:51.402Z | GET /shorturls/3d3014
2025-07-14T06:50:34.632Z | GET /shorturls/3d3014
2025-07-14T06:50:34.638Z | GET /shorturls/3d3014
2025-07-14T06:50:37.961Z | GET /shorturls/3d3014
2025-07-14T06:50:37.967Z | GET /shorturls/3d3014
2025-07-14T06:50:49.717Z | GET /shorturls/3d3014
2025-07-14T06:50:49.721Z | GET /shorturls/3d3014
2025-07-14T06:50:53.535Z | GET /shorturls/3d3014
2025-07-14T06:50:53.540Z | GET /shorturls/3d3014
2025-07-14T07:03:25.978Z | GET /shorturls/3d3014
2025-07-14T07:03:25.995Z | GET /shorturls/3d3014
2025-07-14T07:03:28.579Z | GET /shorturls/3d3014
2025-07-14T07:03:28.585Z | GET /shorturls/3d3014
2025-07-14T08:52:19.694Z | POST /shorturls
2025-07-14T09:35:38.482Z | POST /shorturls
2025-07-14T09:38:21.438Z | POST /shorturls/
2025-07-14T09:38:26.524Z | GET /shorturls/3d3014
2025-07-14T09:38:26.619Z | GET /shorturls/3d3014
2025-07-14T09:38:26.622Z | GET /shorturls/kriti
2025-07-14T09:38:26.790Z | GET /shorturls/kriti
2025-07-14T09:38:31.160Z | GET /shorturls/3d3014
2025-07-14T09:38:31.272Z | GET /shorturls/3d3014
2025-07-14T09:38:31.277Z | GET /shorturls/kriti
2025-07-14T09:38:31.444Z | GET /shorturls/kriti
2025-07-14T09:39:16.713Z | POST /shorturls/
2025-07-14T09:39:40.450Z | POST /shorturls/
2025-07-14T09:39:59.126Z | POST /shorturls/
2025-07-14T09:40:07.102Z | GET /shorturls/3d3014
2025-07-14T09:40:07.254Z | GET /shorturls/3d3014
2025-07-14T09:40:07.257Z | GET /shorturls/kriti
2025-07-14T09:40:07.407Z | GET /shorturls/kriti
2025-07-14T09:40:07.413Z | GET /shorturls/a81fb3
2025-07-14T09:40:07.509Z | GET /shorturls/a81fb3
2025-07-14T09:44:50.847Z | POST /shorturls/
2025-07-14T09:45:35.897Z | POST /shorturls/
2025-07-14T09:45:40.466Z | GET /shorturls/r/a5eb9d
2025-07-14T09:45:46.380Z | GET /shorturls/3d3014
2025-07-14T09:45:46.472Z | GET /shorturls/3d3014
2025-07-14T09:45:46.475Z | GET /shorturls/kriti
2025-07-14T09:45:46.649Z | GET /shorturls/kriti
2025-07-14T09:45:46.652Z | GET /shorturls/a81fb3
2025-07-14T09:45:46.750Z | GET /shorturls/a81fb3
2025-07-14T09:45:46.753Z | GET /shorturls/a5eb9d
2025-07-14T09:45:46.849Z | GET /shorturls/a5eb9d
2025-07-14T16:36:31.359Z | POST /shorturls/
2025-07-14T16:36:37.431Z | GET /shorturls/r/shama
2025-07-14T16:36:56.699Z | GET /shorturls/shama
2025-07-14T16:36:56.808Z | GET /shorturls/shama
